Traceback (most recent call last):
  File "/home/radio/internetRadio/main.py", line 137, in <module>
    @app.route('/wifi-scan')
     ^^^^^^^^^^^^^^^^^^^^^^^
  File "/home/radio/internetRadio/.venv/lib/python3.11/site-packages/flask/scaffold.py", line 435, in decorator
    self.add_url_rule(rule, endpoint, f, **options)
  File "/home/radio/internetRadio/.venv/lib/python3.11/site-packages/flask/scaffold.py", line 56, in wrapper_func
    return f(self, *args, **kwargs)
           ^^^^^^^^^^^^^^^^^^^^^^^^
  File "/home/radio/internetRadio/.venv/lib/python3.11/site-packages/flask/app.py", line 1092, in add_url_rule
    raise AssertionError(
AssertionError: View function mapping is overwriting an existing endpoint function: wifi_scan
Traceback (most recent call last):
  File "/home/radio/internetRadio/main.py", line 137, in <module>
    @app.route('/wifi-scan')
     ^^^^^^^^^^^^^^^^^^^^^^^
  File "/home/radio/internetRadio/.venv/lib/python3.11/site-packages/flask/scaffold.py", line 435, in decorator
    self.add_url_rule(rule, endpoint, f, **options)
  File "/home/radio/internetRadio/.venv/lib/python3.11/site-packages/flask/scaffold.py", line 56, in wrapper_func
    return f(self, *args, **kwargs)
           ^^^^^^^^^^^^^^^^^^^^^^^^
  File "/home/radio/internetRadio/.venv/lib/python3.11/site-packages/flask/app.py", line 1092, in add_url_rule
    raise AssertionError(
AssertionError: View function mapping is overwriting an existing endpoint function: wifi_scan
Traceback (most recent call last):
  File "/home/radio/internetRadio/main.py", line 137, in <module>
    @app.route('/wifi-scan')
     ^^^^^^^^^^^^^^^^^^^^^^^
  File "/home/radio/internetRadio/.venv/lib/python3.11/site-packages/flask/scaffold.py", line 435, in decorator
    self.add_url_rule(rule, endpoint, f, **options)
  File "/home/radio/internetRadio/.venv/lib/python3.11/site-packages/flask/scaffold.py", line 56, in wrapper_func
    return f(self, *args, **kwargs)
           ^^^^^^^^^^^^^^^^^^^^^^^^
  File "/home/radio/internetRadio/.venv/lib/python3.11/site-packages/flask/app.py", line 1092, in add_url_rule
    raise AssertionError(
AssertionError: View function mapping is overwriting an existing endpoint function: wifi_scan
Traceback (most recent call last):
  File "/home/radio/internetRadio/main.py", line 137, in <module>
    @app.route('/wifi-scan')
     ^^^^^^^^^^^^^^^^^^^^^^^
  File "/home/radio/internetRadio/.venv/lib/python3.11/site-packages/flask/scaffold.py", line 435, in decorator
    self.add_url_rule(rule, endpoint, f, **options)
  File "/home/radio/internetRadio/.venv/lib/python3.11/site-packages/flask/scaffold.py", line 56, in wrapper_func
    return f(self, *args, **kwargs)
           ^^^^^^^^^^^^^^^^^^^^^^^^
  File "/home/radio/internetRadio/.venv/lib/python3.11/site-packages/flask/app.py", line 1092, in add_url_rule
    raise AssertionError(
AssertionError: View function mapping is overwriting an existing endpoint function: wifi_scan
Traceback (most recent call last):
  File "/home/radio/internetRadio/main.py", line 137, in <module>
    @app.route('/wifi-scan')
     ^^^^^^^^^^^^^^^^^^^^^^^
  File "/home/radio/internetRadio/.venv/lib/python3.11/site-packages/flask/scaffold.py", line 435, in decorator
    self.add_url_rule(rule, endpoint, f, **options)
  File "/home/radio/internetRadio/.venv/lib/python3.11/site-packages/flask/scaffold.py", line 56, in wrapper_func
    return f(self, *args, **kwargs)
           ^^^^^^^^^^^^^^^^^^^^^^^^
  File "/home/radio/internetRadio/.venv/lib/python3.11/site-packages/flask/app.py", line 1092, in add_url_rule
    raise AssertionError(
AssertionError: View function mapping is overwriting an existing endpoint function: wifi_scan
/home/radio/internetRadio/.venv/lib/python3.11/site-packages/gpiozero/devices.py:295: PinFactoryFallback: Falling back from lgpio: No module named 'lgpio'
  warnings.warn(
/home/radio/internetRadio/.venv/lib/python3.11/site-packages/gpiozero/devices.py:295: PinFactoryFallback: Falling back from rpigpio: No module named 'RPi'
  warnings.warn(
Playing sound: /home/radio/internetRadio/sounds/boot.wav
Connected to network: wlan0     ESSID:"Salt_5GHz_D8261F"
 * Serving Flask app 'app' (lazy loading)
 * Environment: production
   WARNING: This is a development server. Do not use it in a production deployment.
   Use a production WSGI server instead.
 * Debug mode: off
 * Running on all addresses.
   WARNING: This is a development server. Do not use it in a production deployment.
 * Running on http://192.168.1.13:5000/ (Press CTRL+C to quit)
/home/radio/internetRadio/.venv/lib/python3.11/site-packages/gpiozero/devices.py:295: PinFactoryFallback: Falling back from lgpio: No module named 'lgpio'
  warnings.warn(
/home/radio/internetRadio/.venv/lib/python3.11/site-packages/gpiozero/devices.py:295: PinFactoryFallback: Falling back from rpigpio: No module named 'RPi'
  warnings.warn(
Playing sound: /home/radio/internetRadio/sounds/boot.wav
Connected to network: wlan0     ESSID:"Salt_5GHz_D8261F"
 * Serving Flask app 'app' (lazy loading)
 * Environment: production
   WARNING: This is a development server. Do not use it in a production deployment.
   Use a production WSGI server instead.
 * Debug mode: off
 * Running on all addresses.
   WARNING: This is a development server. Do not use it in a production deployment.
 * Running on http://192.168.1.13:5000/ (Press CTRL+C to quit)
[2024-11-06 15:17:50,668] ERROR in app: Exception on / [GET]
Traceback (most recent call last):
  File "/home/radio/internetRadio/.venv/lib/python3.11/site-packages/flask/app.py", line 2070, in wsgi_app
    response = self.full_dispatch_request()
               ^^^^^^^^^^^^^^^^^^^^^^^^^^^^
  File "/home/radio/internetRadio/.venv/lib/python3.11/site-packages/flask/app.py", line 1515, in full_dispatch_request
    rv = self.handle_user_exception(e)
         ^^^^^^^^^^^^^^^^^^^^^^^^^^^^^
  File "/home/radio/internetRadio/.venv/lib/python3.11/site-packages/flask/app.py", line 1513, in full_dispatch_request
    rv = self.dispatch_request()
         ^^^^^^^^^^^^^^^^^^^^^^^
  File "/home/radio/internetRadio/.venv/lib/python3.11/site-packages/flask/app.py", line 1499, in dispatch_request
    return self.ensure_sync(self.view_functions[rule.endpoint])(**req.view_args)
           ^^^^^^^^^^^^^^^^^^^^^^^^^^^^^^^^^^^^^^^^^^^^^^^^^^^^^^^^^^^^^^^^^^^^^
  File "/home/radio/internetRadio/app.py", line 36, in index
    return render_template('index.html', link1=channel1_name, link2=channel2_name, link3=channel3_name)
           ^^^^^^^^^^^^^^^^^^^^^^^^^^^^^^^^^^^^^^^^^^^^^^^^^^^^^^^^^^^^^^^^^^^^^^^^^^^^^^^^^^^^^^^^^^^^
  File "/home/radio/internetRadio/.venv/lib/python3.11/site-packages/flask/templating.py", line 147, in render_template
    return _render(
           ^^^^^^^^
  File "/home/radio/internetRadio/.venv/lib/python3.11/site-packages/flask/templating.py", line 128, in _render
    rv = template.render(context)
         ^^^^^^^^^^^^^^^^^^^^^^^^
  File "/home/radio/internetRadio/.venv/lib/python3.11/site-packages/jinja2/environment.py", line 1304, in render
    self.environment.handle_exception()
  File "/home/radio/internetRadio/.venv/lib/python3.11/site-packages/jinja2/environment.py", line 939, in handle_exception
    raise rewrite_traceback_stack(source=source)
  File "/home/radio/internetRadio/templates/index.html", line 40, in top-level template code
    <a href="{{ url_for('wifi_manager.wifi_settings') }}" class="wifi-settings-button">WiFi Settings</a>
    ^^^^^^^^^^^^^^^^^^^^^^^^^
  File "/home/radio/internetRadio/.venv/lib/python3.11/site-packages/flask/helpers.py", line 338, in url_for
    return appctx.app.handle_url_build_error(error, endpoint, values)
           ^^^^^^^^^^^^^^^^^^^^^^^^^^^^^^^^^^^^^^^^^^^^^^^^^^^^^^^^^^
  File "/home/radio/internetRadio/.venv/lib/python3.11/site-packages/flask/helpers.py", line 325, in url_for
    rv = url_adapter.build(
         ^^^^^^^^^^^^^^^^^^
  File "/home/radio/internetRadio/.venv/lib/python3.11/site-packages/werkzeug/routing.py", line 2315, in build
    raise BuildError(endpoint, values, method, self)
werkzeug.routing.BuildError: Could not build url for endpoint 'wifi_manager.wifi_settings'. Did you mean 'wifi_settings' instead?
192.168.1.7 - - [06/Nov/2024 15:17:50] "[35m[1mGET / HTTP/1.1[0m" 500 -
192.168.1.7 - - [06/Nov/2024 15:17:50] "[33mGET /favicon.ico HTTP/1.1[0m" 404 -
[2024-11-06 15:17:52,849] ERROR in app: Exception on / [GET]
Traceback (most recent call last):
  File "/home/radio/internetRadio/.venv/lib/python3.11/site-packages/flask/app.py", line 2070, in wsgi_app
    response = self.full_dispatch_request()
               ^^^^^^^^^^^^^^^^^^^^^^^^^^^^
  File "/home/radio/internetRadio/.venv/lib/python3.11/site-packages/flask/app.py", line 1515, in full_dispatch_request
    rv = self.handle_user_exception(e)
         ^^^^^^^^^^^^^^^^^^^^^^^^^^^^^
  File "/home/radio/internetRadio/.venv/lib/python3.11/site-packages/flask/app.py", line 1513, in full_dispatch_request
    rv = self.dispatch_request()
         ^^^^^^^^^^^^^^^^^^^^^^^
  File "/home/radio/internetRadio/.venv/lib/python3.11/site-packages/flask/app.py", line 1499, in dispatch_request
    return self.ensure_sync(self.view_functions[rule.endpoint])(**req.view_args)
           ^^^^^^^^^^^^^^^^^^^^^^^^^^^^^^^^^^^^^^^^^^^^^^^^^^^^^^^^^^^^^^^^^^^^^
  File "/home/radio/internetRadio/app.py", line 36, in index
    return render_template('index.html', link1=channel1_name, link2=channel2_name, link3=channel3_name)
           ^^^^^^^^^^^^^^^^^^^^^^^^^^^^^^^^^^^^^^^^^^^^^^^^^^^^^^^^^^^^^^^^^^^^^^^^^^^^^^^^^^^^^^^^^^^^
  File "/home/radio/internetRadio/.venv/lib/python3.11/site-packages/flask/templating.py", line 147, in render_template
    return _render(
           ^^^^^^^^
  File "/home/radio/internetRadio/.venv/lib/python3.11/site-packages/flask/templating.py", line 128, in _render
    rv = template.render(context)
         ^^^^^^^^^^^^^^^^^^^^^^^^
  File "/home/radio/internetRadio/.venv/lib/python3.11/site-packages/jinja2/environment.py", line 1304, in render
    self.environment.handle_exception()
  File "/home/radio/internetRadio/.venv/lib/python3.11/site-packages/jinja2/environment.py", line 939, in handle_exception
    raise rewrite_traceback_stack(source=source)
  File "/home/radio/internetRadio/templates/index.html", line 40, in top-level template code
    <a href="{{ url_for('wifi_manager.wifi_settings') }}" class="wifi-settings-button">WiFi Settings</a>
    ^^^^^^^^^^^^^^^^^^^^^^^^^
  File "/home/radio/internetRadio/.venv/lib/python3.11/site-packages/flask/helpers.py", line 338, in url_for
    return appctx.app.handle_url_build_error(error, endpoint, values)
           ^^^^^^^^^^^^^^^^^^^^^^^^^^^^^^^^^^^^^^^^^^^^^^^^^^^^^^^^^^
  File "/home/radio/internetRadio/.venv/lib/python3.11/site-packages/flask/helpers.py", line 325, in url_for
    rv = url_adapter.build(
         ^^^^^^^^^^^^^^^^^^
  File "/home/radio/internetRadio/.venv/lib/python3.11/site-packages/werkzeug/routing.py", line 2315, in build
    raise BuildError(endpoint, values, method, self)
werkzeug.routing.BuildError: Could not build url for endpoint 'wifi_manager.wifi_settings'. Did you mean 'wifi_settings' instead?
192.168.1.7 - - [06/Nov/2024 15:17:52] "[35m[1mGET / HTTP/1.1[0m" 500 -
[2024-11-06 15:18:07,822] ERROR in app: Exception on / [GET]
Traceback (most recent call last):
  File "/home/radio/internetRadio/.venv/lib/python3.11/site-packages/flask/app.py", line 2070, in wsgi_app
    response = self.full_dispatch_request()
               ^^^^^^^^^^^^^^^^^^^^^^^^^^^^
  File "/home/radio/internetRadio/.venv/lib/python3.11/site-packages/flask/app.py", line 1515, in full_dispatch_request
    rv = self.handle_user_exception(e)
         ^^^^^^^^^^^^^^^^^^^^^^^^^^^^^
  File "/home/radio/internetRadio/.venv/lib/python3.11/site-packages/flask/app.py", line 1513, in full_dispatch_request
    rv = self.dispatch_request()
         ^^^^^^^^^^^^^^^^^^^^^^^
  File "/home/radio/internetRadio/.venv/lib/python3.11/site-packages/flask/app.py", line 1499, in dispatch_request
    return self.ensure_sync(self.view_functions[rule.endpoint])(**req.view_args)
           ^^^^^^^^^^^^^^^^^^^^^^^^^^^^^^^^^^^^^^^^^^^^^^^^^^^^^^^^^^^^^^^^^^^^^
  File "/home/radio/internetRadio/app.py", line 36, in index
    return render_template('index.html', link1=channel1_name, link2=channel2_name, link3=channel3_name)
           ^^^^^^^^^^^^^^^^^^^^^^^^^^^^^^^^^^^^^^^^^^^^^^^^^^^^^^^^^^^^^^^^^^^^^^^^^^^^^^^^^^^^^^^^^^^^
  File "/home/radio/internetRadio/.venv/lib/python3.11/site-packages/flask/templating.py", line 147, in render_template
    return _render(
           ^^^^^^^^
  File "/home/radio/internetRadio/.venv/lib/python3.11/site-packages/flask/templating.py", line 128, in _render
    rv = template.render(context)
         ^^^^^^^^^^^^^^^^^^^^^^^^
  File "/home/radio/internetRadio/.venv/lib/python3.11/site-packages/jinja2/environment.py", line 1304, in render
    self.environment.handle_exception()
  File "/home/radio/internetRadio/.venv/lib/python3.11/site-packages/jinja2/environment.py", line 939, in handle_exception
    raise rewrite_traceback_stack(source=source)
  File "/home/radio/internetRadio/templates/index.html", line 40, in top-level template code
    <a href="{{ url_for('wifi_manager.wifi_settings') }}" class="wifi-settings-button">WiFi Settings</a>
    ^^^^^^^^^^^^^^^^^^^^^^^^^
  File "/home/radio/internetRadio/.venv/lib/python3.11/site-packages/flask/helpers.py", line 338, in url_for
    return appctx.app.handle_url_build_error(error, endpoint, values)
           ^^^^^^^^^^^^^^^^^^^^^^^^^^^^^^^^^^^^^^^^^^^^^^^^^^^^^^^^^^
  File "/home/radio/internetRadio/.venv/lib/python3.11/site-packages/flask/helpers.py", line 325, in url_for
    rv = url_adapter.build(
         ^^^^^^^^^^^^^^^^^^
  File "/home/radio/internetRadio/.venv/lib/python3.11/site-packages/werkzeug/routing.py", line 2315, in build
    raise BuildError(endpoint, values, method, self)
werkzeug.routing.BuildError: Could not build url for endpoint 'wifi_manager.wifi_settings'. Did you mean 'wifi_settings' instead?
192.168.1.7 - - [06/Nov/2024 15:18:07] "[35m[1mGET / HTTP/1.1[0m" 500 -
192.168.1.7 - - [06/Nov/2024 15:18:07] "[33mGET /favicon.ico HTTP/1.1[0m" 404 -
192.168.1.7 - - [06/Nov/2024 15:18:16] "[35m[1mGET /wifi-settings HTTP/1.1[0m" 500 -
192.168.1.7 - - [06/Nov/2024 15:18:18] "[35m[1mGET /wifi-settings HTTP/1.1[0m" 500 -
192.168.1.7 - - [06/Nov/2024 15:18:18] "[33mGET /favicon.ico HTTP/1.1[0m" 404 -
Traceback (most recent call last):
  File "/home/radio/internetRadio/main.py", line 22, in <module>
    wifi_manager = WiFiManager(app)
                   ^^^^^^^^^^^^^^^^
  File "/home/radio/internetRadio/wifi_manager.py", line 14, in __init__
    self.init_app(app)
  File "/home/radio/internetRadio/wifi_manager.py", line 19, in init_app
    self.register_routes()
  File "/home/radio/internetRadio/wifi_manager.py", line 41, in register_routes
    self.app.add_url_rule('/wifi-scan', 'wifi_scan', self.handle_wifi_scan)
  File "/home/radio/internetRadio/.venv/lib/python3.11/site-packages/flask/scaffold.py", line 56, in wrapper_func
    return f(self, *args, **kwargs)
           ^^^^^^^^^^^^^^^^^^^^^^^^
  File "/home/radio/internetRadio/.venv/lib/python3.11/site-packages/flask/app.py", line 1092, in add_url_rule
    raise AssertionError(
AssertionError: View function mapping is overwriting an existing endpoint function: wifi_scan
Traceback (most recent call last):
  File "/home/radio/internetRadio/main.py", line 22, in <module>
    wifi_manager = WiFiManager(app)
                   ^^^^^^^^^^^^^^^^
  File "/home/radio/internetRadio/wifi_manager.py", line 14, in __init__
    self.init_app(app)
  File "/home/radio/internetRadio/wifi_manager.py", line 19, in init_app
    self.register_routes()
  File "/home/radio/internetRadio/wifi_manager.py", line 41, in register_routes
    self.app.add_url_rule('/wifi-scan', 'wifi_scan', self.handle_wifi_scan)
  File "/home/radio/internetRadio/.venv/lib/python3.11/site-packages/flask/scaffold.py", line 56, in wrapper_func
    return f(self, *args, **kwargs)
           ^^^^^^^^^^^^^^^^^^^^^^^^
  File "/home/radio/internetRadio/.venv/lib/python3.11/site-packages/flask/app.py", line 1092, in add_url_rule
    raise AssertionError(
AssertionError: View function mapping is overwriting an existing endpoint function: wifi_scan
Traceback (most recent call last):
  File "/home/radio/internetRadio/main.py", line 22, in <module>
    wifi_manager = WiFiManager(app)
                   ^^^^^^^^^^^^^^^^
  File "/home/radio/internetRadio/wifi_manager.py", line 14, in __init__
    self.init_app(app)
  File "/home/radio/internetRadio/wifi_manager.py", line 19, in init_app
    self.register_routes()
  File "/home/radio/internetRadio/wifi_manager.py", line 41, in register_routes
    self.app.add_url_rule('/wifi-scan', 'wifi_scan', self.handle_wifi_scan)
  File "/home/radio/internetRadio/.venv/lib/python3.11/site-packages/flask/scaffold.py", line 56, in wrapper_func
    return f(self, *args, **kwargs)
           ^^^^^^^^^^^^^^^^^^^^^^^^
  File "/home/radio/internetRadio/.venv/lib/python3.11/site-packages/flask/app.py", line 1092, in add_url_rule
    raise AssertionError(
AssertionError: View function mapping is overwriting an existing endpoint function: wifi_scan
Traceback (most recent call last):
  File "/home/radio/internetRadio/main.py", line 22, in <module>
    wifi_manager = WiFiManager(app)
                   ^^^^^^^^^^^^^^^^
  File "/home/radio/internetRadio/wifi_manager.py", line 14, in __init__
    self.init_app(app)
  File "/home/radio/internetRadio/wifi_manager.py", line 19, in init_app
    self.register_routes()
  File "/home/radio/internetRadio/wifi_manager.py", line 41, in register_routes
    self.app.add_url_rule('/wifi-scan', 'wifi_scan', self.handle_wifi_scan)
  File "/home/radio/internetRadio/.venv/lib/python3.11/site-packages/flask/scaffold.py", line 56, in wrapper_func
    return f(self, *args, **kwargs)
           ^^^^^^^^^^^^^^^^^^^^^^^^
  File "/home/radio/internetRadio/.venv/lib/python3.11/site-packages/flask/app.py", line 1092, in add_url_rule
    raise AssertionError(
AssertionError: View function mapping is overwriting an existing endpoint function: wifi_scan
/home/radio/internetRadio/.venv/lib/python3.11/site-packages/gpiozero/devices.py:295: PinFactoryFallback: Falling back from lgpio: No module named 'lgpio'
  warnings.warn(
/home/radio/internetRadio/.venv/lib/python3.11/site-packages/gpiozero/devices.py:295: PinFactoryFallback: Falling back from rpigpio: No module named 'RPi'
  warnings.warn(
Playing sound: /home/radio/internetRadio/sounds/boot.wav
Connected to network: wlan0     ESSID:"Salt_5GHz_D8261F"
 * Serving Flask app 'app' (lazy loading)
 * Environment: production
   WARNING: This is a development server. Do not use it in a production deployment.
   Use a production WSGI server instead.
 * Debug mode: off
 * Running on all addresses.
   WARNING: This is a development server. Do not use it in a production deployment.
 * Running on http://192.168.1.13:5000/ (Press CTRL+C to quit)
[2024-11-06 15:21:12,892] ERROR in app: Exception on / [GET]
Traceback (most recent call last):
  File "/home/radio/internetRadio/.venv/lib/python3.11/site-packages/flask/app.py", line 2070, in wsgi_app
    response = self.full_dispatch_request()
               ^^^^^^^^^^^^^^^^^^^^^^^^^^^^
  File "/home/radio/internetRadio/.venv/lib/python3.11/site-packages/flask/app.py", line 1515, in full_dispatch_request
    rv = self.handle_user_exception(e)
         ^^^^^^^^^^^^^^^^^^^^^^^^^^^^^
  File "/home/radio/internetRadio/.venv/lib/python3.11/site-packages/flask/app.py", line 1513, in full_dispatch_request
    rv = self.dispatch_request()
         ^^^^^^^^^^^^^^^^^^^^^^^
  File "/home/radio/internetRadio/.venv/lib/python3.11/site-packages/flask/app.py", line 1499, in dispatch_request
    return self.ensure_sync(self.view_functions[rule.endpoint])(**req.view_args)
           ^^^^^^^^^^^^^^^^^^^^^^^^^^^^^^^^^^^^^^^^^^^^^^^^^^^^^^^^^^^^^^^^^^^^^
  File "/home/radio/internetRadio/app.py", line 36, in index
    return render_template('index.html', link1=channel1_name, link2=channel2_name, link3=channel3_name)
           ^^^^^^^^^^^^^^^^^^^^^^^^^^^^^^^^^^^^^^^^^^^^^^^^^^^^^^^^^^^^^^^^^^^^^^^^^^^^^^^^^^^^^^^^^^^^
  File "/home/radio/internetRadio/.venv/lib/python3.11/site-packages/flask/templating.py", line 147, in render_template
    return _render(
           ^^^^^^^^
  File "/home/radio/internetRadio/.venv/lib/python3.11/site-packages/flask/templating.py", line 128, in _render
    rv = template.render(context)
         ^^^^^^^^^^^^^^^^^^^^^^^^
  File "/home/radio/internetRadio/.venv/lib/python3.11/site-packages/jinja2/environment.py", line 1304, in render
    self.environment.handle_exception()
  File "/home/radio/internetRadio/.venv/lib/python3.11/site-packages/jinja2/environment.py", line 939, in handle_exception
    raise rewrite_traceback_stack(source=source)
  File "/home/radio/internetRadio/templates/index.html", line 40, in top-level template code
    <a href="{{ url_for('wifi_manager.wifi_settings') }}" class="wifi-settings-button">WiFi Settings</a>
    ^^^^^^^^^^^^^^^^^^^^^^^^^
  File "/home/radio/internetRadio/.venv/lib/python3.11/site-packages/flask/helpers.py", line 338, in url_for
    return appctx.app.handle_url_build_error(error, endpoint, values)
           ^^^^^^^^^^^^^^^^^^^^^^^^^^^^^^^^^^^^^^^^^^^^^^^^^^^^^^^^^^
  File "/home/radio/internetRadio/.venv/lib/python3.11/site-packages/flask/helpers.py", line 325, in url_for
    rv = url_adapter.build(
         ^^^^^^^^^^^^^^^^^^
  File "/home/radio/internetRadio/.venv/lib/python3.11/site-packages/werkzeug/routing.py", line 2315, in build
    raise BuildError(endpoint, values, method, self)
werkzeug.routing.BuildError: Could not build url for endpoint 'wifi_manager.wifi_settings'. Did you mean 'wifi_settings' instead?
192.168.1.7 - - [06/Nov/2024 15:21:12] "[35m[1mGET / HTTP/1.1[0m" 500 -
192.168.1.7 - - [06/Nov/2024 15:21:15] "[35m[1mGET /wifi-settings HTTP/1.1[0m" 500 -
/home/radio/internetRadio/.venv/lib/python3.11/site-packages/gpiozero/devices.py:295: PinFactoryFallback: Falling back from lgpio: No module named 'lgpio'
  warnings.warn(
/home/radio/internetRadio/.venv/lib/python3.11/site-packages/gpiozero/devices.py:295: PinFactoryFallback: Falling back from rpigpio: No module named 'RPi'
  warnings.warn(
Playing sound: /home/radio/internetRadio/sounds/boot.wav
Connected to network: wlan0     ESSID:"Salt_5GHz_D8261F"
 * Serving Flask app 'app' (lazy loading)
 * Environment: production
   WARNING: This is a development server. Do not use it in a production deployment.
   Use a production WSGI server instead.
 * Debug mode: off
 * Running on all addresses.
   WARNING: This is a development server. Do not use it in a production deployment.
 * Running on http://192.168.1.13:5000/ (Press CTRL+C to quit)
[2024-11-06 15:22:11,219] ERROR in app: Exception on / [GET]
Traceback (most recent call last):
  File "/home/radio/internetRadio/.venv/lib/python3.11/site-packages/flask/app.py", line 2070, in wsgi_app
    response = self.full_dispatch_request()
               ^^^^^^^^^^^^^^^^^^^^^^^^^^^^
  File "/home/radio/internetRadio/.venv/lib/python3.11/site-packages/flask/app.py", line 1515, in full_dispatch_request
    rv = self.handle_user_exception(e)
         ^^^^^^^^^^^^^^^^^^^^^^^^^^^^^
  File "/home/radio/internetRadio/.venv/lib/python3.11/site-packages/flask/app.py", line 1513, in full_dispatch_request
    rv = self.dispatch_request()
         ^^^^^^^^^^^^^^^^^^^^^^^
  File "/home/radio/internetRadio/.venv/lib/python3.11/site-packages/flask/app.py", line 1499, in dispatch_request
    return self.ensure_sync(self.view_functions[rule.endpoint])(**req.view_args)
           ^^^^^^^^^^^^^^^^^^^^^^^^^^^^^^^^^^^^^^^^^^^^^^^^^^^^^^^^^^^^^^^^^^^^^
  File "/home/radio/internetRadio/app.py", line 36, in index
    return render_template('index.html', link1=channel1_name, link2=channel2_name, link3=channel3_name)
           ^^^^^^^^^^^^^^^^^^^^^^^^^^^^^^^^^^^^^^^^^^^^^^^^^^^^^^^^^^^^^^^^^^^^^^^^^^^^^^^^^^^^^^^^^^^^
  File "/home/radio/internetRadio/.venv/lib/python3.11/site-packages/flask/templating.py", line 147, in render_template
    return _render(
           ^^^^^^^^
  File "/home/radio/internetRadio/.venv/lib/python3.11/site-packages/flask/templating.py", line 128, in _render
    rv = template.render(context)
         ^^^^^^^^^^^^^^^^^^^^^^^^
  File "/home/radio/internetRadio/.venv/lib/python3.11/site-packages/jinja2/environment.py", line 1304, in render
    self.environment.handle_exception()
  File "/home/radio/internetRadio/.venv/lib/python3.11/site-packages/jinja2/environment.py", line 939, in handle_exception
    raise rewrite_traceback_stack(source=source)
  File "/home/radio/internetRadio/templates/index.html", line 40, in top-level template code
    <a href="{{ url_for('wifi_manager.wifi_settings') }}" class="wifi-settings-button">WiFi Settings</a>
    ^^^^^^^^^^^^^^^^^^^^^^^^^
  File "/home/radio/internetRadio/.venv/lib/python3.11/site-packages/flask/helpers.py", line 338, in url_for
    return appctx.app.handle_url_build_error(error, endpoint, values)
           ^^^^^^^^^^^^^^^^^^^^^^^^^^^^^^^^^^^^^^^^^^^^^^^^^^^^^^^^^^
  File "/home/radio/internetRadio/.venv/lib/python3.11/site-packages/flask/helpers.py", line 325, in url_for
    rv = url_adapter.build(
         ^^^^^^^^^^^^^^^^^^
  File "/home/radio/internetRadio/.venv/lib/python3.11/site-packages/werkzeug/routing.py", line 2315, in build
    raise BuildError(endpoint, values, method, self)
werkzeug.routing.BuildError: Could not build url for endpoint 'wifi_manager.wifi_settings'. Did you mean 'wifi.wifi_settings' instead?
192.168.1.7 - - [06/Nov/2024 15:22:11] "[35m[1mGET / HTTP/1.1[0m" 500 -
[2024-11-06 15:22:32,186] ERROR in app: Exception on / [GET]
Traceback (most recent call last):
  File "/home/radio/internetRadio/.venv/lib/python3.11/site-packages/flask/app.py", line 2070, in wsgi_app
    response = self.full_dispatch_request()
               ^^^^^^^^^^^^^^^^^^^^^^^^^^^^
  File "/home/radio/internetRadio/.venv/lib/python3.11/site-packages/flask/app.py", line 1515, in full_dispatch_request
    rv = self.handle_user_exception(e)
         ^^^^^^^^^^^^^^^^^^^^^^^^^^^^^
  File "/home/radio/internetRadio/.venv/lib/python3.11/site-packages/flask/app.py", line 1513, in full_dispatch_request
    rv = self.dispatch_request()
         ^^^^^^^^^^^^^^^^^^^^^^^
  File "/home/radio/internetRadio/.venv/lib/python3.11/site-packages/flask/app.py", line 1499, in dispatch_request
    return self.ensure_sync(self.view_functions[rule.endpoint])(**req.view_args)
           ^^^^^^^^^^^^^^^^^^^^^^^^^^^^^^^^^^^^^^^^^^^^^^^^^^^^^^^^^^^^^^^^^^^^^
  File "/home/radio/internetRadio/app.py", line 36, in index
    return render_template('index.html', link1=channel1_name, link2=channel2_name, link3=channel3_name)
           ^^^^^^^^^^^^^^^^^^^^^^^^^^^^^^^^^^^^^^^^^^^^^^^^^^^^^^^^^^^^^^^^^^^^^^^^^^^^^^^^^^^^^^^^^^^^
  File "/home/radio/internetRadio/.venv/lib/python3.11/site-packages/flask/templating.py", line 147, in render_template
    return _render(
           ^^^^^^^^
  File "/home/radio/internetRadio/.venv/lib/python3.11/site-packages/flask/templating.py", line 128, in _render
    rv = template.render(context)
         ^^^^^^^^^^^^^^^^^^^^^^^^
  File "/home/radio/internetRadio/.venv/lib/python3.11/site-packages/jinja2/environment.py", line 1304, in render
    self.environment.handle_exception()
  File "/home/radio/internetRadio/.venv/lib/python3.11/site-packages/jinja2/environment.py", line 939, in handle_exception
    raise rewrite_traceback_stack(source=source)
  File "/home/radio/internetRadio/templates/index.html", line 40, in top-level template code
    <a href="{{ url_for('wifi_manager.wifi_settings') }}" class="wifi-settings-button">WiFi Settings</a>
    ^^^^^^^^^^^^^^^^^^^^^^^^^
  File "/home/radio/internetRadio/.venv/lib/python3.11/site-packages/flask/helpers.py", line 338, in url_for
    return appctx.app.handle_url_build_error(error, endpoint, values)
           ^^^^^^^^^^^^^^^^^^^^^^^^^^^^^^^^^^^^^^^^^^^^^^^^^^^^^^^^^^
  File "/home/radio/internetRadio/.venv/lib/python3.11/site-packages/flask/helpers.py", line 325, in url_for
    rv = url_adapter.build(
         ^^^^^^^^^^^^^^^^^^
  File "/home/radio/internetRadio/.venv/lib/python3.11/site-packages/werkzeug/routing.py", line 2315, in build
    raise BuildError(endpoint, values, method, self)
werkzeug.routing.BuildError: Could not build url for endpoint 'wifi_manager.wifi_settings'. Did you mean 'wifi.wifi_settings' instead?
192.168.1.7 - - [06/Nov/2024 15:22:32] "[35m[1mGET / HTTP/1.1[0m" 500 -
192.168.1.7 - - [06/Nov/2024 15:22:49] "[35m[1mGET /wifi-settings HTTP/1.1[0m" 500 -
/home/radio/internetRadio/.venv/lib/python3.11/site-packages/gpiozero/devices.py:295: PinFactoryFallback: Falling back from lgpio: No module named 'lgpio'
  warnings.warn(
/home/radio/internetRadio/.venv/lib/python3.11/site-packages/gpiozero/devices.py:295: PinFactoryFallback: Falling back from rpigpio: No module named 'RPi'
  warnings.warn(
Playing sound: /home/radio/internetRadio/sounds/boot.wav
Connected to network: wlan0     ESSID:"Salt_5GHz_D8261F"
 * Serving Flask app 'app' (lazy loading)
 * Environment: production
   WARNING: This is a development server. Do not use it in a production deployment.
   Use a production WSGI server instead.
 * Debug mode: off
 * Running on all addresses.
   WARNING: This is a development server. Do not use it in a production deployment.
 * Running on http://192.168.1.13:5000/ (Press CTRL+C to quit)
192.168.1.7 - - [06/Nov/2024 15:24:40] "GET / HTTP/1.1" 200 -
192.168.1.7 - - [06/Nov/2024 15:24:40] "[36mGET /static/css/styles.css HTTP/1.1[0m" 304 -
192.168.1.7 - - [06/Nov/2024 15:24:40] "GET /get_wifi_ssid HTTP/1.1" 200 -
192.168.1.7 - - [06/Nov/2024 15:24:40] "GET /check_internet_connection HTTP/1.1" 200 -
192.168.1.7 - - [06/Nov/2024 15:25:21] "GET /wifi-settings HTTP/1.1" 200 -
192.168.1.7 - - [06/Nov/2024 15:25:21] "[36mGET /static/css/styles.css HTTP/1.1[0m" 304 -
192.168.1.7 - - [06/Nov/2024 15:25:33] "GET /wifi-scan HTTP/1.1" 200 -
[0000007f6837d3a0] mpeg4audio demux packetizer: AAC channels: 2 samplerate: 24000
